<?xml version="1.0" encoding="UTF-8"?>
<!-- Generated by org.testng.reporters.JUnitXMLReporter -->
<testsuite hostname="Saiswap" ignored="0" name="Default test" tests="7" failures="0" timestamp="16 Dec 2018 12:51:12 GMT" time="55.425" errors="0">
  <testcase name="setCapabilties" time="21.792" classname="Tests.AddKindlePaperWhileToCart"/>
  <testcase name="selectSkipLogin" time="5.832" classname="Tests.AddKindlePaperWhileToCart"/>
  <testcase name="selectShopByCategory" time="5.687" classname="Tests.AddKindlePaperWhileToCart"/>
  <testcase name="selectCategory" time="10.966" classname="Tests.AddKindlePaperWhileToCart"/>
  <testcase name="selectItemKindleEReader" time="4.174" classname="Tests.AddKindlePaperWhileToCart"/>
  <testcase name="selectKindlePaperWhite" time="5.266" classname="Tests.AddKindlePaperWhileToCart"/>
  <testcase name="selectAddtoCart" time="1.642" classname="Tests.AddKindlePaperWhileToCart"/>
</testsuite> <!-- Default test -->
